[38;5;112m[Appium][0m Welcome to Appium v2.11.2
[38;5;112m[Appium][0m Non-default server args:
[38;5;112m[Appium][0m { basePath: [32m'/wd/hub'[39m, loglevel: [32m'info'[39m, port: [33m53716[39m }
[38;5;112m[Appium][0m Attempting to load driver xcuitest...
[38;5;112m[Appium][0m Attempting to load driver uiautomator2...
[38;5;112m[Appium][0m Appium REST http interface listener started on http://0.0.0.0:53716/wd/hub
[38;5;112m[Appium][0m You can provide the following URLs in your client code to connect to this server:
	http://192.168.23.159:53716/wd/hub
	http://192.168.150.164:53716/wd/hub
	http://127.0.0.1:53716/wd/hub (only accessible from the same host)
[38;5;112m[Appium][0m Available drivers:
[38;5;112m[Appium][0m   - xcuitest@5.0.0 (automationName 'XCUITest')
[38;5;112m[Appium][0m   - uiautomator2@2.45.1 (automationName 'UiAutomator2')
[38;5;112m[Appium][0m No plugins have been installed. Use the "appium plugin" command to install the one(s) you want to use.
[38;5;86m[HTTP][0m [37m-->[39m [37mGET[39m [37m/wd/hub/status[39m [90m{}[39m
[38;5;86m[HTTP][0m [37m<-- GET /wd/hub/status [39m[32m200[39m [90m13 ms - 111[39m [90m[39m
[38;5;86m[HTTP][0m [37m-->[39m [37mGET[39m [37m/wd/hub/status[39m [90m{}[39m
[38;5;86m[HTTP][0m [37m<-- GET /wd/hub/status [39m[32m200[39m [90m2 ms - 111[39m [90m[39m
[38;5;86m[HTTP][0m [37m-->[39m [37mPOST[39m [37m/wd/hub/session[39m [90m{"desiredCapabilities":{"appium:systemPort":8215,"appium:udid":"9ff68ebd","appium:autoGrantPermissions":true,"appium:newCommandTimeout":1800,"appium:platformName":"ANDROID","appium:appActivity":".Settings","appium:deviceName":"vivo V2022 (Android 11)","platformName":"Android","appium:automationName":"uiautomator2","appium:platformVersion":"11","appium:appPackage":"com.android.settings"},"capabilities":{"firstMatch":[{"appium:appActivity":".Settings","appium:appPackage":"com.android.settings","appium:autoGrantPermissions":true,"appium:automationName":"uiautomator2","appium:deviceName":"vivo V2022 (Android 11)","appium:newCommandTimeout":1800,"appium:platformName":"ANDROID","appium:platformVersion":"11","appium:systemPort":8215,"appium:udid":"9ff68ebd","platformName":"android"}]}}[39m
[38;5;123m[BaseDriver][0m Ignoring capability 'appium:platformName=ANDROID' and using capability 'platformName=android'
[38;5;123m[BaseDriver][0m The capabilities ["platformName"] are standard capabilities and do not require "appium:" prefix
[38;5;112m[Appium][0m Attempting to find matching driver for automationName 'uiautomator2' and platformName 'android'
[38;5;112m[Appium][0m The 'uiautomator2' driver was installed and matched caps.
[38;5;112m[Appium][0m Will require it at C:\Users\User\.appium\node_modules\appium-uiautomator2-driver
[38;5;28m[AppiumDriver@2e5d][0m Appium v2.11.2 creating new AndroidUiautomator2Driver (v2.45.1) session
[38;5;28m[AppiumDriver@2e5d][0m Checking BaseDriver versions for Appium and AndroidUiautomator2Driver
[38;5;28m[AppiumDriver@2e5d][0m Appium's BaseDriver version is 9.11.2
[38;5;28m[AppiumDriver@2e5d][0m AndroidUiautomator2Driver's BaseDriver version is 9.11.2
[38;5;217m[d3a8e9c0][0m[38;5;-144m[AndroidUiautomator2Driver@473a][0m Session created with session id: d3a8e9c0-477d-4498-9150-dc5d5b975ed3
[38;5;217m[d3a8e9c0][0m[38;5;229m[ADB][0m Found 1 'build-tools' folders under 'C:\Users\User\AppData\Local\Android\Sdk' (newest first):
[38;5;217m[d3a8e9c0][0m[38;5;229m[ADB][0m     C:\Users\User\AppData\Local\Android\Sdk\build-tools\30.0.3
[38;5;217m[d3a8e9c0][0m[38;5;229m[ADB][0m Using 'adb.exe' from 'C:\Users\User\AppData\Local\Android\Sdk\platform-tools\adb.exe'
[38;5;217m[d3a8e9c0][0m[38;5;-144m[AndroidUiautomator2Driver@473a][0m Retrieving device list
[38;5;217m[d3a8e9c0][0m[38;5;-144m[AndroidUiautomator2Driver@473a][0m Using device: 9ff68ebd
[38;5;217m[d3a8e9c0][0m[38;5;229m[ADB][0m Using 'adb.exe' from 'C:\Users\User\AppData\Local\Android\Sdk\platform-tools\adb.exe'
[38;5;217m[d3a8e9c0][0m[38;5;-144m[AndroidUiautomator2Driver@473a][0m Starting 'com.android.settings' directly on the device
[38;5;217m[d3a8e9c0][0m[38;5;229m[ADB][0m Getting device platform version
[38;5;217m[d3a8e9c0][0m[38;5;-144m[AndroidUiautomator2Driver@473a][0m Relaxing hidden api policy
[38;5;217m[d3a8e9c0][0m[38;5;-144m[AndroidUiautomator2Driver@473a][0m No app sent in, not parsing package/activity
[38;5;217m[d3a8e9c0][0m[38;5;229m[ADB][0m Using 'apksigner.jar' from 'C:\Users\User\AppData\Local\Android\Sdk\build-tools\30.0.3\lib\apksigner.jar'
[38;5;217m[d3a8e9c0][0m[38;5;229m[ADB][0m 'C:\Users\User\.appium\node_modules\appium-uiautomator2-driver\node_modules\appium-uiautomator2-server\apks\appium-uiautomator2-server-debug-androidTest.apk' is signed with the default certificate
[38;5;217m[d3a8e9c0][0m[38;5;229m[ADB][0m 'C:\Users\User\.appium\node_modules\appium-uiautomator2-driver\node_modules\appium-uiautomator2-server\apks\appium-uiautomator2-server-v6.0.9.apk' is signed with the default certificate
[38;5;217m[d3a8e9c0][0m[38;5;-144m[AndroidUiautomator2Driver@473a][0m Server packages are not going to be (re)installed
[38;5;217m[d3a8e9c0][0m[38;5;229m[ADB][0m Adding packages ["io.appium.settings","io.appium.uiautomator2.server","io.appium.uiautomator2.server.test"] to Doze whitelist
[38;5;217m[d3a8e9c0][0m[38;5;-144m[AndroidUiautomator2Driver@473a][0m Starting UIAutomator2 server 6.0.9
[38;5;217m[d3a8e9c0][0m[38;5;-144m[AndroidUiautomator2Driver@473a][0m Using UIAutomator2 server from 'C:\Users\User\.appium\node_modules\appium-uiautomator2-driver\node_modules\appium-uiautomator2-server\apks\appium-uiautomator2-server-v6.0.9.apk' and test from 'C:\Users\User\.appium\node_modules\appium-uiautomator2-driver\node_modules\appium-uiautomator2-server\apks\appium-uiautomator2-server-debug-androidTest.apk'
[38;5;217m[d3a8e9c0][0m[38;5;-144m[AndroidUiautomator2Driver@473a][0m Waiting up to 30000ms for UiAutomator2 to be online...
[38;5;217m[d3a8e9c0][0m[38;5;-144m[AndroidUiautomator2Driver@473a][0m socket hang up
[38;5;217m[d3a8e9c0][0m[38;5;-144m[AndroidUiautomator2Driver@473a][0m socket hang up
[38;5;217m[d3a8e9c0][0m[38;5;-144m[AndroidUiautomator2Driver@473a][0m socket hang up
[38;5;217m[d3a8e9c0][0m[38;5;-144m[AndroidUiautomator2Driver@473a][0m Determined the downstream protocol as 'W3C'
[38;5;217m[d3a8e9c0][0m[38;5;-144m[AndroidUiautomator2Driver@473a][0m Screen already unlocked, doing nothing
[38;5;217m[d3a8e9c0][0m[38;5;-144m[AndroidUiautomator2Driver@473a][0m Starting 'com.android.settings/.Settings and waiting for 'com.android.settings/.Settings'
[38;5;217m[d3a8e9c0][0m[38;5;28m[AppiumDriver@2e5d][0m New AndroidUiautomator2Driver session created successfully, session d3a8e9c0-477d-4498-9150-dc5d5b975ed3 added to master session list
[38;5;217m[d3a8e9c0][0m[38;5;86m[HTTP][0m [37m<-- POST /wd/hub/session [39m[32m200[39m [90m10757 ms - 1062[39m [90m[39m
[38;5;217m[d3a8e9c0][0m[38;5;86m[HTTP][0m [37m-->[39m [37mGET[39m [37m/wd/hub/session/d3a8e9c0-477d-4498-9150-dc5d5b975ed3[39m [90m{}[39m
[38;5;217m[d3a8e9c0][0m[38;5;86m[HTTP][0m [37m<-- GET /wd/hub/session/d3a8e9c0-477d-4498-9150-dc5d5b975ed3 [39m[32m200[39m [90m24 ms - 303[39m [90m[39m
[38;5;217m[d3a8e9c0][0m[38;5;86m[HTTP][0m [37m-->[39m [37mGET[39m [37m/wd/hub/session/d3a8e9c0-477d-4498-9150-dc5d5b975ed3[39m [90m{}[39m
[38;5;217m[d3a8e9c0][0m[38;5;86m[HTTP][0m [37m<-- GET /wd/hub/session/d3a8e9c0-477d-4498-9150-dc5d5b975ed3 [39m[32m200[39m [90m37 ms - 303[39m [90m[39m
[38;5;86m[HTTP][0m [37m-->[39m [37mGET[39m [37m/wd/hub/status[39m [90m{}[39m
[38;5;86m[HTTP][0m [37m<-- GET /wd/hub/status [39m[32m200[39m [90m1 ms - 111[39m [90m[39m
[38;5;217m[d3a8e9c0][0m[38;5;86m[HTTP][0m [37m-->[39m [37mPOST[39m [37m/wd/hub/session/d3a8e9c0-477d-4498-9150-dc5d5b975ed3/timeouts[39m [90m{"implicit":60000}[39m
[38;5;217m[d3a8e9c0][0m[38;5;86m[HTTP][0m [37m<-- POST /wd/hub/session/d3a8e9c0-477d-4498-9150-dc5d5b975ed3/timeouts [39m[32m200[39m [90m3 ms - 14[39m [90m[39m
[38;5;217m[d3a8e9c0][0m[38;5;86m[HTTP][0m [37m-->[39m [37mGET[39m [37m/wd/hub/session/d3a8e9c0-477d-4498-9150-dc5d5b975ed3/appium/device/system_bars[39m [90m{}[39m
[38;5;217m[d3a8e9c0][0m[38;5;86m[HTTP][0m [37m<-- GET /wd/hub/session/d3a8e9c0-477d-4498-9150-dc5d5b975ed3/appium/device/system_bars [39m[32m200[39m [90m406 ms - 151[39m [90m[39m
[38;5;217m[d3a8e9c0][0m[38;5;86m[HTTP][0m [37m-->[39m [37mPOST[39m [37m/wd/hub/session/d3a8e9c0-477d-4498-9150-dc5d5b975ed3/appium/device/activate_app[39m [90m{"bundleId":"com.pactindo.emoney"}[39m
[38;5;217m[d3a8e9c0][0m[38;5;86m[HTTP][0m [37m<-- POST /wd/hub/session/d3a8e9c0-477d-4498-9150-dc5d5b975ed3/appium/device/activate_app [39m[32m200[39m [90m513 ms - 14[39m [90m[39m
[38;5;217m[d3a8e9c0][0m[38;5;86m[HTTP][0m [37m-->[39m [37mGET[39m [37m/wd/hub/session/d3a8e9c0-477d-4498-9150-dc5d5b975ed3/source[39m [90m{}[39m
[38;5;217m[d3a8e9c0][0m[38;5;-144m[AndroidUiautomator2Driver@473a][0m Driver proxy active, passing request on via HTTP proxy
[38;5;217m[d3a8e9c0][0m[38;5;-144m[AndroidUiautomator2Driver@473a][0m Replacing sessionId 5f1578d1-13b1-4d11-b1e2-93704f69c105 with d3a8e9c0-477d-4498-9150-dc5d5b975ed3
[38;5;217m[d3a8e9c0][0m[38;5;86m[HTTP][0m [37m<-- GET /wd/hub/session/d3a8e9c0-477d-4498-9150-dc5d5b975ed3/source [39m[32m200[39m [90m1564 ms - 29393[39m [90m[39m
[38;5;217m[d3a8e9c0][0m[38;5;86m[HTTP][0m [37m-->[39m [37mGET[39m [37m/wd/hub/session/d3a8e9c0-477d-4498-9150-dc5d5b975ed3/screenshot[39m [90m{}[39m
[38;5;217m[d3a8e9c0][0m[38;5;86m[HTTP][0m [37m<-- GET /wd/hub/session/d3a8e9c0-477d-4498-9150-dc5d5b975ed3/screenshot [39m[32m200[39m [90m1737 ms - 569816[39m [90m[39m
[38;5;217m[d3a8e9c0][0m[38;5;-144m[AndroidUiautomator2Driver@473a][0m Shutting down because we waited 1800 seconds for a command
[38;5;217m[d3a8e9c0][0m[38;5;28m[AppiumDriver@2e5d][0m Ending session, cause was 'New Command Timeout of 1800 seconds expired. Try customizing the timeout using the 'newCommandTimeout' desired capability'
[38;5;217m[d3a8e9c0][0m[38;5;28m[AppiumDriver@2e5d][0m Removing session 'd3a8e9c0-477d-4498-9150-dc5d5b975ed3' from our master session list
[38;5;217m[d3a8e9c0][0m[38;5;-144m[AndroidUiautomator2Driver@473a][0m Did not get confirmation UiAutomator2 deleteSession worked; Error was: UnknownError: An unknown server-side error occurred while processing the command. Original error: 'DELETE /' cannot be proxied to UiAutomator2 server because the instrumentation process is not running (probably crashed). Check the server log and/or the logcat output for more details
[38;5;217m[d3a8e9c0][0m[38;5;-144m[AndroidUiautomator2Driver@473a][0m Restoring hidden api policy to the device default configuration
